# JRE version: Java(TM) SE Runtime Environment (17.0.9+11) (build 17.0.9+11-LTS-201)
# Java VM: Java HotSpot(TM) 64-Bit Server VM (17.0.9+11-LTS-201, mixed mode, sharing, tiered, compressed oops, compressed class ptrs, g1 gc, windows-amd64)
GC Precious Log:
 CPUs: 12 total, 12 available
 Memory: 7519M
 Large Page Support: Disabled
 NUMA Support: Disabled
 Compressed Oops: Enabled (32-bit)
 Heap Region Size: 1M
 Heap Min Capacity: 8M
 Heap Initial Capacity: 118M
 Heap Max Capacity: 1880M
 Pre-touch: Disabled
 Parallel Workers: 10
 Concurrent Workers: 3
 Concurrent Refinement Workers: 10
 Periodic GC: Disabled
Heap:
 garbage-first heap   total 253952K, used 150252K [0x000000008a800000, 0x0000000100000000)
  region size 1024K, 2 young (2048K), 2 survivors (2048K)
 Metaspace       used 11077K, committed 11264K, reserved 1114112K
  class space    used 1370K, committed 1472K, reserved 1048576K
GC Heap History (11 events):
Event: 0.523 GC heap before
{Heap before GC invocations=0 (full 0):
 garbage-first heap   total 120832K, used 6144K [0x000000008a800000, 0x0000000100000000)
  region size 1024K, 8 young (8192K), 0 survivors (0K)
 Metaspace       used 6500K, committed 6720K, reserved 1114112K
  class space    used 756K, committed 896K, reserved 1048576K
}
Event: 0.527 GC heap after
{Heap after GC invocations=1 (full 0):
 garbage-first heap   total 120832K, used 2928K [0x000000008a800000, 0x0000000100000000)
  region size 1024K, 3 young (3072K), 3 survivors (3072K)
 Metaspace       used 6500K, committed 6720K, reserved 1114112K
  class space    used 756K, committed 896K, reserved 1048576K
}
Event: 0.708 GC heap before
{Heap before GC invocations=1 (full 0):
 garbage-first heap   total 253952K, used 161648K [0x000000008a800000, 0x0000000100000000)
  region size 1024K, 21 young (21504K), 3 survivors (3072K)
 Metaspace       used 6615K, committed 6848K, reserved 1114112K
  class space    used 762K, committed 896K, reserved 1048576K
}
Event: 0.712 GC heap after
{Heap after GC invocations=2 (full 0):
 garbage-first heap   total 253952K, used 144505K [0x000000008a800000, 0x0000000100000000)
  region size 1024K, 1 young (1024K), 1 survivors (1024K)
 Metaspace       used 6615K, committed 6848K, reserved 1114112K
  class space    used 762K, committed 896K, reserved 1048576K
}
Event: 1.193 GC heap before
{Heap before GC invocations=2 (full 0):
 garbage-first heap   total 253952K, used 217209K [0x000000008a800000, 0x0000000100000000)
  region size 1024K, 73 young (74752K), 1 survivors (1024K)
 Metaspace       used 6616K, committed 6848K, reserved 1114112K
  class space    used 762K, committed 896K, reserved 1048576K
}
Event: 1.194 GC heap after
{Heap after GC invocations=3 (full 0):
 garbage-first heap   total 253952K, used 144144K [0x000000008a800000, 0x0000000100000000)
  region size 1024K, 1 young (1024K), 1 survivors (1024K)
 Metaspace       used 6616K, committed 6848K, reserved 1114112K
  class space    used 762K, committed 896K, reserved 1048576K
}
Event: 1.506 GC heap before
{Heap before GC invocations=4 (full 0):
 garbage-first heap   total 253952K, used 194320K [0x000000008a800000, 0x0000000100000000)
  region size 1024K, 52 young (53248K), 1 survivors (1024K)
 Metaspace       used 6628K, committed 6848K, reserved 1114112K
  class space    used 765K, committed 896K, reserved 1048576K
}
Event: 1.507 GC heap after
{Heap after GC invocations=5 (full 0):
 garbage-first heap   total 253952K, used 144168K [0x000000008a800000, 0x0000000100000000)
  region size 1024K, 1 young (1024K), 1 survivors (1024K)
 Metaspace       used 6628K, committed 6848K, reserved 1114112K
  class space    used 765K, committed 896K, reserved 1048576K
}
Event: 2.318 GC heap before
{Heap before GC invocations=6 (full 0):
 garbage-first heap   total 253952K, used 150312K [0x000000008a800000, 0x0000000100000000)
  region size 1024K, 5 young (5120K), 1 survivors (1024K)
 Metaspace       used 6838K, committed 7040K, reserved 1114112K
  class space    used 783K, committed 896K, reserved 1048576K
}
Event: 2.319 GC heap after
{Heap after GC invocations=7 (full 0):
 garbage-first heap   total 253952K, used 147327K [0x000000008a800000, 0x0000000100000000)
  region size 1024K, 1 young (1024K), 1 survivors (1024K)
 Metaspace       used 6838K, committed 7040K, reserved 1114112K
  class space    used 783K, committed 896K, reserved 1048576K
}
Event: 2.745 GC heap before
{Heap before GC invocations=8 (full 0):
 garbage-first heap   total 253952K, used 156543K [0x000000008a800000, 0x0000000100000000)
  region size 1024K, 9 young (9216K), 1 survivors (1024K)
 Metaspace       used 11077K, committed 11264K, reserved 1114112K
  class space    used 1370K, committed 1472K, reserved 1048576K
}

